<?xml version="1.0" encoding="UTF-8"?>
<testsuite name="ohtu.verkkokauppa.KauppaTest" tests="8" skipped="0" failures="0" errors="0" timestamp="2020-11-23T10:46:42" hostname="lx8-fuxi055" time="0.835">
  <properties/>
  <testcase name="kahdenEriTuotteenOstoksenPaatyttyaPankinMetodiaTilisiirtoKutsutaanOikein" classname="ohtu.verkkokauppa.KauppaTest" time="0.804"/>
  <testcase name="kahdenSamanTuotteenOstoksenPaaytyttyaPankinMetodiaTilisiirtoKutsutaanOikein" classname="ohtu.verkkokauppa.KauppaTest" time="0.003"/>
  <testcase name="aloitaAsiointiNollaaEdellisenTiedot" classname="ohtu.verkkokauppa.KauppaTest" time="0.005"/>
  <testcase name="ostoksenPaaytyttyaPankinMetodiaTilisiirtoKutsutaan" classname="ohtu.verkkokauppa.KauppaTest" time="0.003"/>
  <testcase name="jokaiselleMaksutapahtumallePyydetaanUusiViitenumero" classname="ohtu.verkkokauppa.KauppaTest" time="0.004"/>
  <testcase name="saatavillaOlevanTuotteenJaLoppuneenTuotteenOstonPaatyttyaPankinMetodiaTilisiirtoKutsutaanOikein" classname="ohtu.verkkokauppa.KauppaTest" time="0.004"/>
  <testcase name="ostoksenPaaytyttyaPankinMetodiaTilisiirtoKutsutaanOikein" classname="ohtu.verkkokauppa.KauppaTest" time="0.003"/>
  <testcase name="poistaKoristaPalauttaaVarastoon" classname="ohtu.verkkokauppa.KauppaTest" time="0.004"/>
  <system-out><![CDATA[]]></system-out>
  <system-err><![CDATA[]]></system-err>
</testsuite>
